  Using 'git status' to determine working set for adaptive non-unity build (D:\Unreal Projects\SpaceShooter_).
  Parsing headers for SpaceShooterEditor
    Running UnrealHeaderTool "D:\Unreal Projects\SpaceShooter_\SpaceShooter\SpaceShooter.uproject" "D:\Unreal Projects\SpaceShooter_\SpaceShooter\Intermediate\Build\Win64\SpaceShooterEditor\Development\SpaceShooterEditor.uhtmanifest" -LogCmds="loginit warning, logexit warning, logdatabase error" -Unattended -WarningsAsErrors -abslog="C:\Users\scott\AppData\Local\UnrealBuildTool\Log_UHT.txt" -installed
  Reflection code generated for SpaceShooterEditor in 6.3454189 seconds
  Building SpaceShooterEditor...
  Using Visual Studio 2019 14.30.30706 toolchain (C:\Program Files\Microsoft Visual Studio\2022\Community\VC\Tools\MSVC\14.30.30705) and Windows 10.0.19041.0 SDK (C:\Program Files (x86)\Windows Kits\10).
  Building 9 actions with 16 processes...
    [1/9] SpaceShooter.init.gen.cpp
    [2/9] SpaceShooterGameMode.gen.cpp
    [3/9] PlayerCharacter.cpp
    [4/9] GameScreenWidget.cpp
    [5/9] GameScreenWidget.gen.cpp
    [6/9] SpaceShooterGameMode.cpp
    [7/9] UE4Editor-SpaceShooter-0191.lib
       Creating library D:\Unreal Projects\SpaceShooter_\SpaceShooter\Intermediate\Build\Win64\UE4Editor\Development\SpaceShooter\UE4Editor-SpaceShooter-0191.lib and object D:\Unreal Projects\SpaceShooter_\SpaceShooter\Intermediate\Build\Win64\UE4Editor\Development\SpaceShooter\UE4Editor-SpaceShooter-0191.exp
    [8/9] UE4Editor-SpaceShooter-0191.dll
       Creating library D:\Unreal Projects\SpaceShooter_\SpaceShooter\Intermediate\Build\Win64\UE4Editor\Development\SpaceShooter\UE4Editor-SpaceShooter-0191.suppressed.lib and object D:\Unreal Projects\SpaceShooter_\SpaceShooter\Intermediate\Build\Win64\UE4Editor\Development\SpaceShooter\UE4Editor-SpaceShooter-0191.suppressed.exp
    [9/9] SpaceShooterEditor.target
  Total time in Parallel executor: 514.96 seconds
  Total execution time: 522.87 seconds
